#############16k################
写入测试
102400+0 records in
102400+0 records out
1677721600 bytes (1.7 GB) copied, 3.04615 seconds, 551 MB/s
读入测试
102400+0 records in
102400+0 records out
1677721600 bytes (1.7 GB) copied, 0.553051 seconds, 3.0 GB/s
读写测试
102400+0 records in
102400+0 records out
1677721600 bytes (1.7 GB) copied, 3.53251 seconds, 475 MB/s
写入测试(nocache)
102400+0 records in
102400+0 records out
1677721600 bytes (1.7 GB) copied, 58.0201 seconds, 28.9 MB/s
读入测试(nocache)
102400+0 records in
102400+0 records out
1677721600 bytes (1.7 GB) copied, 30.2623 seconds, 55.4 MB/s
读写测试(nocache)
102400+0 records in
102400+0 records out
1677721600 bytes (1.7 GB) copied, 83.7534 seconds, 20.0 MB/s
#############32k################
写入测试
102400+0 records in
102400+0 records out
3355443200 bytes (3.4 GB) copied, 11.5155 seconds, 291 MB/s
读入测试
102400+0 records in
102400+0 records out
3355443200 bytes (3.4 GB) copied, 1.07138 seconds, 3.1 GB/s
读写测试
102400+0 records in
102400+0 records out
3355443200 bytes (3.4 GB) copied, 56.0524 seconds, 59.9 MB/s
写入测试(nocache)
102400+0 records in
102400+0 records out
3355443200 bytes (3.4 GB) copied, 83.1907 seconds, 40.3 MB/s
读入测试(nocache)
102400+0 records in
102400+0 records out
3355443200 bytes (3.4 GB) copied, 41.9924 seconds, 79.9 MB/s
读写测试(nocache)
102400+0 records in
102400+0 records out
3355443200 bytes (3.4 GB) copied, 126.779 seconds, 26.5 MB/s
#############64k################
写入测试
102400+0 records in
102400+0 records out
6710886400 bytes (6.7 GB) copied, 49.7592 seconds, 135 MB/s
读入测试
102400+0 records in
102400+0 records out
6710886400 bytes (6.7 GB) copied, 2.00805 seconds, 3.3 GB/s
读写测试
102400+0 records in
102400+0 records out
6710886400 bytes (6.7 GB) copied, 107.797 seconds, 62.3 MB/s
写入测试(nocache)
102400+0 records in
102400+0 records out
6710886400 bytes (6.7 GB) copied, 152.696 seconds, 43.9 MB/s
读入测试(nocache)
102400+0 records in
102400+0 records out
6710886400 bytes (6.7 GB) copied, 85.0595 seconds, 78.9 MB/s
读写测试(nocache)
102400+0 records in
102400+0 records out
6710886400 bytes (6.7 GB) copied, 212.852 seconds, 31.5 MB/s
#############16k################
顺序读iops
  read : io=1327.7MB, bw=67699KB/s, iops=4231, runt= 20073msec
顺序写iops
  write: io=1467.2MB, bw=74996KB/s, iops=4687, runt= 20033msec
随机读iops
  read : io=57856KB, bw=2781.5KB/s, iops=173, runt= 20801msec
随机写iops
  write: io=123216KB, bw=6025.9KB/s, iops=376, runt= 20448msec
#############32k################
顺序读iops
  read : io=2274.3MB, bw=116151KB/s, iops=3629, runt= 20050msec
顺序写iops
  write: io=1381.7MB, bw=70114KB/s, iops=2191, runt= 20170msec
随机读iops
  read : io=111200KB, bw=5323.7KB/s, iops=166, runt= 20888msec
随机写iops
  write: io=228448KB, bw=11162KB/s, iops=348, runt= 20466msec
#############64k################
顺序读iops
  read : io=2171.6MB, bw=110364KB/s, iops=1724, runt= 20148msec
顺序写iops
  write: io=1456.0MB, bw=73703KB/s, iops=1151, runt= 20229msec
随机读iops
  read : io=205184KB, bw=9813.2KB/s, iops=153, runt= 20909msec
随机写iops
  write: io=393152KB, bw=19215KB/s, iops=300, runt= 20461msec
#############128k################
顺序读iops
  read : io=1518.6MB, bw=76129KB/s, iops=594, runt= 20425msec
顺序写iops
  write: io=1429.4MB, bw=71605KB/s, iops=559, runt= 20441msec
随机读iops
  read : io=359552KB, bw=17116KB/s, iops=133, runt= 21007msec
随机写iops
  write: io=624512KB, bw=30340KB/s, iops=237, runt= 20584msec
#############256k################
顺序读iops
  read : io=1596.3MB, bw=78770KB/s, iops=307, runt= 20751msec
顺序写iops
  write: io=1456.0MB, bw=71608KB/s, iops=279, runt= 20821msec
随机读iops
  read : io=596224KB, bw=28272KB/s, iops=110, runt= 21089msec
随机写iops
  write: io=848640KB, bw=40851KB/s, iops=159, runt= 20774msec
#############512k################
顺序读iops
  read : io=1609.6MB, bw=78011KB/s, iops=152, runt= 21127msec
顺序写iops
  write: io=1433.6MB, bw=69800KB/s, iops=136, runt= 21030msec
随机读iops
  read : io=867840KB, bw=40481KB/s, iops=79, runt= 21438msec
随机写iops
  write: io=1094.0MB, bw=52750KB/s, iops=103, runt= 21237msec
#############1m################
顺序读iops
  read : io=1562.0MB, bw=76370KB/s, iops=74, runt= 20944msec
顺序写iops
  write: io=1431.0MB, bw=69560KB/s, iops=67, runt= 21066msec
随机读iops
  read : io=1027.0MB, bw=49325KB/s, iops=48, runt= 21321msec
随机写iops
  write: io=1188.0MB, bw=57595KB/s, iops=56, runt= 21122msec
