DEB [20150804-10:47:32.839] thr=1   paramiko.transport: starting thread (client mode): 0xee22ad10L
INF [20150804-10:47:32.864] thr=1   paramiko.transport: Connected (version 2.0, client OpenSSH_5.3)
DEB [20150804-10:47:32.895] thr=1   paramiko.transport: kex algos:[u'diffie-hellman-group-exchange-sha256', u'diffie-hellman-group-exchange-sha1', u'diffie-hellman-group14-sha1', u'diffie-hellman-group1-sha1'] server key:[u'ssh-rsa', u'ssh-dss'] client encrypt:[u'aes128-ctr', u'aes192-ctr', u'aes256-ctr', u'arcfour256', u'arcfour128', u'aes128-cbc', u'3des-cbc', u'blowfish-cbc', u'cast128-cbc', u'aes192-cbc', u'aes256-cbc', u'arcfour', u'rijndael-cbc@lysator.liu.se'] server encrypt:[u'aes128-ctr', u'aes192-ctr', u'aes256-ctr', u'arcfour256', u'arcfour128', u'aes128-cbc', u'3des-cbc', u'blowfish-cbc', u'cast128-cbc', u'aes192-cbc', u'aes256-cbc', u'arcfour', u'rijndael-cbc@lysator.liu.se'] client mac:[u'hmac-md5', u'hmac-sha1', u'umac-64@openssh.com', u'hmac-sha2-256', u'hmac-sha2-512', u'hmac-ripemd160', u'hmac-ripemd160@openssh.com', u'hmac-sha1-96', u'hmac-md5-96'] server mac:[u'hmac-md5', u'hmac-sha1', u'umac-64@openssh.com', u'hmac-sha2-256', u'hmac-sha2-512', u'hmac-ripemd160', u'hmac-ripemd160@openssh.com', u'hmac-sha1-96', u'hmac-md5-96'] client compress:[u'none', u'zlib@openssh.com'] server compress:[u'none', u'zlib@openssh.com'] client lang:[u''] server lang:[u''] kex follows?False
DEB [20150804-10:47:32.895] thr=1   paramiko.transport: Ciphers agreed: local=aes128-ctr, remote=aes128-ctr
DEB [20150804-10:47:32.895] thr=1   paramiko.transport: using kex diffie-hellman-group14-sha1; server key type ssh-rsa; cipher: local aes128-ctr, remote aes128-ctr; mac: local hmac-sha1, remote hmac-sha1; compression: local none, remote none
DEB [20150804-10:47:33.042] thr=1   paramiko.transport: Switch to new keys ...
DEB [20150804-10:47:33.044] thr=2   paramiko.transport: Adding ssh-rsa host key for 123.57.135.75: b4f04d8bc4177fb6b28a51124d2b7723
DEB [20150804-10:47:33.118] thr=1   paramiko.transport: userauth is OK
INF [20150804-10:47:33.157] thr=1   paramiko.transport: Authentication (password) successful!
DEB [20150804-10:47:33.161] thr=2   paramiko.transport: [chan 1] Max packet in: 32768 bytes
DEB [20150804-10:47:33.414] thr=1   paramiko.transport: [chan 1] Max packet out: 32768 bytes
DEB [20150804-10:47:33.415] thr=1   paramiko.transport: Secsh channel 1 opened.
DEB [20150804-10:47:33.448] thr=1   paramiko.transport: [chan 1] Sesch channel 1 request ok
DEB [20150804-10:47:33.465] thr=1   paramiko.transport: [chan 1] EOF received (1)
DEB [20150804-10:47:33.483] thr=3   paramiko.transport: starting thread (client mode): 0xee22aad0L
INF [20150804-10:47:33.499] thr=3   paramiko.transport: Connected (version 2.0, client OpenSSH_5.3)
DEB [20150804-10:47:33.511] thr=3   paramiko.transport: kex algos:[u'diffie-hellman-group-exchange-sha256', u'diffie-hellman-group-exchange-sha1', u'diffie-hellman-group14-sha1', u'diffie-hellman-group1-sha1'] server key:[u'ssh-rsa', u'ssh-dss'] client encrypt:[u'aes128-ctr', u'aes192-ctr', u'aes256-ctr', u'arcfour256', u'arcfour128', u'aes128-cbc', u'3des-cbc', u'blowfish-cbc', u'cast128-cbc', u'aes192-cbc', u'aes256-cbc', u'arcfour', u'rijndael-cbc@lysator.liu.se'] server encrypt:[u'aes128-ctr', u'aes192-ctr', u'aes256-ctr', u'arcfour256', u'arcfour128', u'aes128-cbc', u'3des-cbc', u'blowfish-cbc', u'cast128-cbc', u'aes192-cbc', u'aes256-cbc', u'arcfour', u'rijndael-cbc@lysator.liu.se'] client mac:[u'hmac-md5', u'hmac-sha1', u'umac-64@openssh.com', u'hmac-sha2-256', u'hmac-sha2-512', u'hmac-ripemd160', u'hmac-ripemd160@openssh.com', u'hmac-sha1-96', u'hmac-md5-96'] server mac:[u'hmac-md5', u'hmac-sha1', u'umac-64@openssh.com', u'hmac-sha2-256', u'hmac-sha2-512', u'hmac-ripemd160', u'hmac-ripemd160@openssh.com', u'hmac-sha1-96', u'hmac-md5-96'] client compress:[u'none', u'zlib@openssh.com'] server compress:[u'none', u'zlib@openssh.com'] client lang:[u''] server lang:[u''] kex follows?False
DEB [20150804-10:47:33.511] thr=3   paramiko.transport: Ciphers agreed: local=aes128-ctr, remote=aes128-ctr
DEB [20150804-10:47:33.511] thr=3   paramiko.transport: using kex diffie-hellman-group14-sha1; server key type ssh-rsa; cipher: local aes128-ctr, remote aes128-ctr; mac: local hmac-sha1, remote hmac-sha1; compression: local none, remote none
DEB [20150804-10:47:33.622] thr=3   paramiko.transport: Switch to new keys ...
DEB [20150804-10:47:33.624] thr=2   paramiko.transport: Adding ssh-rsa host key for 123.57.135.75: b4f04d8bc4177fb6b28a51124d2b7723
DEB [20150804-10:47:33.717] thr=3   paramiko.transport: userauth is OK
INF [20150804-10:47:33.753] thr=3   paramiko.transport: Authentication (password) successful!
DEB [20150804-10:47:33.757] thr=2   paramiko.transport: [chan 1] Max packet in: 32768 bytes
DEB [20150804-10:47:33.888] thr=3   paramiko.transport: [chan 1] Max packet out: 32768 bytes
DEB [20150804-10:47:33.888] thr=3   paramiko.transport: Secsh channel 1 opened.
DEB [20150804-10:47:33.910] thr=3   paramiko.transport: [chan 1] Sesch channel 1 request ok
DEB [20150804-10:47:33.915] thr=3   paramiko.transport: [chan 1] EOF received (1)
DEB [20150804-10:47:33.936] thr=4   paramiko.transport: starting thread (client mode): 0xf153c4d0L
INF [20150804-10:47:33.957] thr=4   paramiko.transport: Connected (version 2.0, client OpenSSH_5.3)
DEB [20150804-10:47:33.980] thr=4   paramiko.transport: kex algos:[u'diffie-hellman-group-exchange-sha256', u'diffie-hellman-group-exchange-sha1', u'diffie-hellman-group14-sha1', u'diffie-hellman-group1-sha1'] server key:[u'ssh-rsa', u'ssh-dss'] client encrypt:[u'aes128-ctr', u'aes192-ctr', u'aes256-ctr', u'arcfour256', u'arcfour128', u'aes128-cbc', u'3des-cbc', u'blowfish-cbc', u'cast128-cbc', u'aes192-cbc', u'aes256-cbc', u'arcfour', u'rijndael-cbc@lysator.liu.se'] server encrypt:[u'aes128-ctr', u'aes192-ctr', u'aes256-ctr', u'arcfour256', u'arcfour128', u'aes128-cbc', u'3des-cbc', u'blowfish-cbc', u'cast128-cbc', u'aes192-cbc', u'aes256-cbc', u'arcfour', u'rijndael-cbc@lysator.liu.se'] client mac:[u'hmac-md5', u'hmac-sha1', u'umac-64@openssh.com', u'hmac-sha2-256', u'hmac-sha2-512', u'hmac-ripemd160', u'hmac-ripemd160@openssh.com', u'hmac-sha1-96', u'hmac-md5-96'] server mac:[u'hmac-md5', u'hmac-sha1', u'umac-64@openssh.com', u'hmac-sha2-256', u'hmac-sha2-512', u'hmac-ripemd160', u'hmac-ripemd160@openssh.com', u'hmac-sha1-96', u'hmac-md5-96'] client compress:[u'none', u'zlib@openssh.com'] server compress:[u'none', u'zlib@openssh.com'] client lang:[u''] server lang:[u''] kex follows?False
DEB [20150804-10:47:33.980] thr=4   paramiko.transport: Ciphers agreed: local=aes128-ctr, remote=aes128-ctr
DEB [20150804-10:47:33.981] thr=4   paramiko.transport: using kex diffie-hellman-group14-sha1; server key type ssh-rsa; cipher: local aes128-ctr, remote aes128-ctr; mac: local hmac-sha1, remote hmac-sha1; compression: local none, remote none
DEB [20150804-10:47:34.050] thr=4   paramiko.transport: Switch to new keys ...
DEB [20150804-10:47:34.051] thr=2   paramiko.transport: Attempting password auth...
DEB [20150804-10:47:34.348] thr=4   paramiko.transport: userauth is OK
INF [20150804-10:47:34.372] thr=4   paramiko.transport: Authentication (password) successful!
DEB [20150804-10:47:34.383] thr=2   paramiko.transport: [chan 1] Max packet in: 32768 bytes
DEB [20150804-10:47:34.398] thr=4   paramiko.transport: [chan 1] Max packet out: 32768 bytes
DEB [20150804-10:47:34.399] thr=4   paramiko.transport: Secsh channel 1 opened.
DEB [20150804-10:47:34.439] thr=4   paramiko.transport: [chan 1] Sesch channel 1 request ok
INF [20150804-10:47:34.676] thr=2   paramiko.transport.sftp: [chan 1] Opened sftp connection (server version 3)
DEB [20150804-10:47:34.676] thr=2   paramiko.transport.sftp: [chan 1] open('/usr/local/mysql-5.6.25-linux-glibc2.5-x86_64.tar.gz', 'wb')
DEB [20150804-10:47:34.735] thr=2   paramiko.transport.sftp: [chan 1] open('/usr/local/mysql-5.6.25-linux-glibc2.5-x86_64.tar.gz', 'wb') -> 00000000
DEB [20150804-10:57:48.337] thr=2   paramiko.transport.sftp: [chan 1] close(00000000)
DEB [20150804-10:57:48.415] thr=2   paramiko.transport.sftp: [chan 1] stat('/usr/local/mysql-5.6.25-linux-glibc2.5-x86_64.tar.gz')
INF [20150804-10:57:48.436] thr=2   paramiko.transport.sftp: [chan 1] sftp session closed.
DEB [20150804-10:57:48.436] thr=2   paramiko.transport: [chan 1] EOF sent (1)
DEB [20150804-10:57:48.456] thr=4   paramiko.transport: EOF in transport thread
DEB [20150804-10:57:48.494] thr=4   paramiko.transport: starting thread (client mode): 0xf153c4d0L
INF [20150804-10:57:48.511] thr=4   paramiko.transport: Connected (version 2.0, client OpenSSH_5.3)
DEB [20150804-10:57:48.543] thr=4   paramiko.transport: kex algos:[u'diffie-hellman-group-exchange-sha256', u'diffie-hellman-group-exchange-sha1', u'diffie-hellman-group14-sha1', u'diffie-hellman-group1-sha1'] server key:[u'ssh-rsa', u'ssh-dss'] client encrypt:[u'aes128-ctr', u'aes192-ctr', u'aes256-ctr', u'arcfour256', u'arcfour128', u'aes128-cbc', u'3des-cbc', u'blowfish-cbc', u'cast128-cbc', u'aes192-cbc', u'aes256-cbc', u'arcfour', u'rijndael-cbc@lysator.liu.se'] server encrypt:[u'aes128-ctr', u'aes192-ctr', u'aes256-ctr', u'arcfour256', u'arcfour128', u'aes128-cbc', u'3des-cbc', u'blowfish-cbc', u'cast128-cbc', u'aes192-cbc', u'aes256-cbc', u'arcfour', u'rijndael-cbc@lysator.liu.se'] client mac:[u'hmac-md5', u'hmac-sha1', u'umac-64@openssh.com', u'hmac-sha2-256', u'hmac-sha2-512', u'hmac-ripemd160', u'hmac-ripemd160@openssh.com', u'hmac-sha1-96', u'hmac-md5-96'] server mac:[u'hmac-md5', u'hmac-sha1', u'umac-64@openssh.com', u'hmac-sha2-256', u'hmac-sha2-512', u'hmac-ripemd160', u'hmac-ripemd160@openssh.com', u'hmac-sha1-96', u'hmac-md5-96'] client compress:[u'none', u'zlib@openssh.com'] server compress:[u'none', u'zlib@openssh.com'] client lang:[u''] server lang:[u''] kex follows?False
DEB [20150804-10:57:48.543] thr=4   paramiko.transport: Ciphers agreed: local=aes128-ctr, remote=aes128-ctr
DEB [20150804-10:57:48.544] thr=4   paramiko.transport: using kex diffie-hellman-group14-sha1; server key type ssh-rsa; cipher: local aes128-ctr, remote aes128-ctr; mac: local hmac-sha1, remote hmac-sha1; compression: local none, remote none
DEB [20150804-10:57:48.662] thr=4   paramiko.transport: Switch to new keys ...
DEB [20150804-10:57:48.694] thr=2   paramiko.transport: Attempting password auth...
DEB [20150804-10:57:48.746] thr=4   paramiko.transport: userauth is OK
INF [20150804-10:57:48.784] thr=4   paramiko.transport: Authentication (password) successful!
DEB [20150804-10:57:48.795] thr=2   paramiko.transport: [chan 1] Max packet in: 32768 bytes
DEB [20150804-10:57:48.814] thr=4   paramiko.transport: [chan 1] Max packet out: 32768 bytes
DEB [20150804-10:57:48.814] thr=4   paramiko.transport: Secsh channel 1 opened.
DEB [20150804-10:57:48.841] thr=4   paramiko.transport: [chan 1] Sesch channel 1 request ok
INF [20150804-10:57:48.860] thr=2   paramiko.transport.sftp: [chan 1] Opened sftp connection (server version 3)
DEB [20150804-10:57:48.861] thr=2   paramiko.transport.sftp: [chan 1] open('/usr/local/my.cnf', 'wb')
DEB [20150804-10:57:48.911] thr=2   paramiko.transport.sftp: [chan 1] open('/usr/local/my.cnf', 'wb') -> 00000000
DEB [20150804-10:57:48.912] thr=2   paramiko.transport.sftp: [chan 1] close(00000000)
DEB [20150804-10:57:48.969] thr=2   paramiko.transport.sftp: [chan 1] stat('/usr/local/my.cnf')
INF [20150804-10:57:48.983] thr=2   paramiko.transport.sftp: [chan 1] sftp session closed.
DEB [20150804-10:57:48.984] thr=2   paramiko.transport: [chan 1] EOF sent (1)
DEB [20150804-10:57:49.006] thr=4   paramiko.transport: EOF in transport thread
DEB [20150804-10:57:49.041] thr=5   paramiko.transport: starting thread (client mode): 0xed9a4710L
INF [20150804-10:57:49.075] thr=5   paramiko.transport: Connected (version 2.0, client OpenSSH_5.3)
DEB [20150804-10:57:49.099] thr=5   paramiko.transport: kex algos:[u'diffie-hellman-group-exchange-sha256', u'diffie-hellman-group-exchange-sha1', u'diffie-hellman-group14-sha1', u'diffie-hellman-group1-sha1'] server key:[u'ssh-rsa', u'ssh-dss'] client encrypt:[u'aes128-ctr', u'aes192-ctr', u'aes256-ctr', u'arcfour256', u'arcfour128', u'aes128-cbc', u'3des-cbc', u'blowfish-cbc', u'cast128-cbc', u'aes192-cbc', u'aes256-cbc', u'arcfour', u'rijndael-cbc@lysator.liu.se'] server encrypt:[u'aes128-ctr', u'aes192-ctr', u'aes256-ctr', u'arcfour256', u'arcfour128', u'aes128-cbc', u'3des-cbc', u'blowfish-cbc', u'cast128-cbc', u'aes192-cbc', u'aes256-cbc', u'arcfour', u'rijndael-cbc@lysator.liu.se'] client mac:[u'hmac-md5', u'hmac-sha1', u'umac-64@openssh.com', u'hmac-sha2-256', u'hmac-sha2-512', u'hmac-ripemd160', u'hmac-ripemd160@openssh.com', u'hmac-sha1-96', u'hmac-md5-96'] server mac:[u'hmac-md5', u'hmac-sha1', u'umac-64@openssh.com', u'hmac-sha2-256', u'hmac-sha2-512', u'hmac-ripemd160', u'hmac-ripemd160@openssh.com', u'hmac-sha1-96', u'hmac-md5-96'] client compress:[u'none', u'zlib@openssh.com'] server compress:[u'none', u'zlib@openssh.com'] client lang:[u''] server lang:[u''] kex follows?False
DEB [20150804-10:57:49.099] thr=5   paramiko.transport: Ciphers agreed: local=aes128-ctr, remote=aes128-ctr
DEB [20150804-10:57:49.099] thr=5   paramiko.transport: using kex diffie-hellman-group14-sha1; server key type ssh-rsa; cipher: local aes128-ctr, remote aes128-ctr; mac: local hmac-sha1, remote hmac-sha1; compression: local none, remote none
DEB [20150804-10:57:49.243] thr=5   paramiko.transport: Switch to new keys ...
DEB [20150804-10:57:49.245] thr=2   paramiko.transport: Adding ssh-rsa host key for 123.57.135.75: b4f04d8bc4177fb6b28a51124d2b7723
DEB [20150804-10:57:49.313] thr=5   paramiko.transport: userauth is OK
INF [20150804-10:57:49.346] thr=5   paramiko.transport: Authentication (password) successful!
DEB [20150804-10:57:49.347] thr=2   paramiko.transport: [chan 1] Max packet in: 32768 bytes
DEB [20150804-10:57:49.372] thr=5   paramiko.transport: [chan 1] Max packet out: 32768 bytes
DEB [20150804-10:57:49.372] thr=5   paramiko.transport: Secsh channel 1 opened.
DEB [20150804-10:57:49.452] thr=5   paramiko.transport: [chan 1] Sesch channel 1 request ok
DEB [20150804-10:57:49.585] thr=5   paramiko.transport: [chan 1] EOF received (1)
DEB [20150804-10:57:49.638] thr=6   paramiko.transport: starting thread (client mode): 0xee22ac90L
INF [20150804-10:57:49.656] thr=6   paramiko.transport: Connected (version 2.0, client OpenSSH_5.3)
DEB [20150804-10:57:49.722] thr=6   paramiko.transport: kex algos:[u'diffie-hellman-group-exchange-sha256', u'diffie-hellman-group-exchange-sha1', u'diffie-hellman-group14-sha1', u'diffie-hellman-group1-sha1'] server key:[u'ssh-rsa', u'ssh-dss'] client encrypt:[u'aes128-ctr', u'aes192-ctr', u'aes256-ctr', u'arcfour256', u'arcfour128', u'aes128-cbc', u'3des-cbc', u'blowfish-cbc', u'cast128-cbc', u'aes192-cbc', u'aes256-cbc', u'arcfour', u'rijndael-cbc@lysator.liu.se'] server encrypt:[u'aes128-ctr', u'aes192-ctr', u'aes256-ctr', u'arcfour256', u'arcfour128', u'aes128-cbc', u'3des-cbc', u'blowfish-cbc', u'cast128-cbc', u'aes192-cbc', u'aes256-cbc', u'arcfour', u'rijndael-cbc@lysator.liu.se'] client mac:[u'hmac-md5', u'hmac-sha1', u'umac-64@openssh.com', u'hmac-sha2-256', u'hmac-sha2-512', u'hmac-ripemd160', u'hmac-ripemd160@openssh.com', u'hmac-sha1-96', u'hmac-md5-96'] server mac:[u'hmac-md5', u'hmac-sha1', u'umac-64@openssh.com', u'hmac-sha2-256', u'hmac-sha2-512', u'hmac-ripemd160', u'hmac-ripemd160@openssh.com', u'hmac-sha1-96', u'hmac-md5-96'] client compress:[u'none', u'zlib@openssh.com'] server compress:[u'none', u'zlib@openssh.com'] client lang:[u''] server lang:[u''] kex follows?False
DEB [20150804-10:57:49.722] thr=6   paramiko.transport: Ciphers agreed: local=aes128-ctr, remote=aes128-ctr
DEB [20150804-10:57:49.722] thr=6   paramiko.transport: using kex diffie-hellman-group14-sha1; server key type ssh-rsa; cipher: local aes128-ctr, remote aes128-ctr; mac: local hmac-sha1, remote hmac-sha1; compression: local none, remote none
DEB [20150804-10:57:49.812] thr=6   paramiko.transport: Switch to new keys ...
DEB [20150804-10:57:49.839] thr=2   paramiko.transport: Adding ssh-rsa host key for 123.57.135.75: b4f04d8bc4177fb6b28a51124d2b7723
DEB [20150804-10:57:50.079] thr=6   paramiko.transport: userauth is OK
INF [20150804-10:57:50.118] thr=6   paramiko.transport: Authentication (password) successful!
DEB [20150804-10:57:50.141] thr=2   paramiko.transport: [chan 1] Max packet in: 32768 bytes
DEB [20150804-10:57:50.163] thr=6   paramiko.transport: [chan 1] Max packet out: 32768 bytes
DEB [20150804-10:57:50.163] thr=6   paramiko.transport: Secsh channel 1 opened.
DEB [20150804-10:57:50.205] thr=6   paramiko.transport: [chan 1] Sesch channel 1 request ok
DEB [20150804-10:58:01.109] thr=6   paramiko.transport: [chan 1] EOF received (1)
DEB [20150804-10:58:01.147] thr=7   paramiko.transport: starting thread (client mode): 0xed9ae550L
INF [20150804-10:58:01.176] thr=7   paramiko.transport: Connected (version 2.0, client OpenSSH_5.3)
DEB [20150804-10:58:01.190] thr=7   paramiko.transport: kex algos:[u'diffie-hellman-group-exchange-sha256', u'diffie-hellman-group-exchange-sha1', u'diffie-hellman-group14-sha1', u'diffie-hellman-group1-sha1'] server key:[u'ssh-rsa', u'ssh-dss'] client encrypt:[u'aes128-ctr', u'aes192-ctr', u'aes256-ctr', u'arcfour256', u'arcfour128', u'aes128-cbc', u'3des-cbc', u'blowfish-cbc', u'cast128-cbc', u'aes192-cbc', u'aes256-cbc', u'arcfour', u'rijndael-cbc@lysator.liu.se'] server encrypt:[u'aes128-ctr', u'aes192-ctr', u'aes256-ctr', u'arcfour256', u'arcfour128', u'aes128-cbc', u'3des-cbc', u'blowfish-cbc', u'cast128-cbc', u'aes192-cbc', u'aes256-cbc', u'arcfour', u'rijndael-cbc@lysator.liu.se'] client mac:[u'hmac-md5', u'hmac-sha1', u'umac-64@openssh.com', u'hmac-sha2-256', u'hmac-sha2-512', u'hmac-ripemd160', u'hmac-ripemd160@openssh.com', u'hmac-sha1-96', u'hmac-md5-96'] server mac:[u'hmac-md5', u'hmac-sha1', u'umac-64@openssh.com', u'hmac-sha2-256', u'hmac-sha2-512', u'hmac-ripemd160', u'hmac-ripemd160@openssh.com', u'hmac-sha1-96', u'hmac-md5-96'] client compress:[u'none', u'zlib@openssh.com'] server compress:[u'none', u'zlib@openssh.com'] client lang:[u''] server lang:[u''] kex follows?False
DEB [20150804-10:58:01.190] thr=7   paramiko.transport: Ciphers agreed: local=aes128-ctr, remote=aes128-ctr
DEB [20150804-10:58:01.190] thr=7   paramiko.transport: using kex diffie-hellman-group14-sha1; server key type ssh-rsa; cipher: local aes128-ctr, remote aes128-ctr; mac: local hmac-sha1, remote hmac-sha1; compression: local none, remote none
DEB [20150804-10:58:01.294] thr=7   paramiko.transport: Switch to new keys ...
DEB [20150804-10:58:01.310] thr=2   paramiko.transport: Adding ssh-rsa host key for 123.57.135.75: b4f04d8bc4177fb6b28a51124d2b7723
DEB [20150804-10:58:01.375] thr=7   paramiko.transport: userauth is OK
INF [20150804-10:58:01.407] thr=7   paramiko.transport: Authentication (password) successful!
DEB [20150804-10:58:01.411] thr=2   paramiko.transport: [chan 1] Max packet in: 32768 bytes
DEB [20150804-10:58:01.443] thr=7   paramiko.transport: [chan 1] Max packet out: 32768 bytes
DEB [20150804-10:58:01.443] thr=7   paramiko.transport: Secsh channel 1 opened.
DEB [20150804-10:58:01.488] thr=7   paramiko.transport: [chan 1] Sesch channel 1 request ok
DEB [20150804-10:58:01.494] thr=7   paramiko.transport: [chan 1] EOF received (1)
DEB [20150804-10:58:01.520] thr=8   paramiko.transport: starting thread (client mode): 0xee1ccdd0L
INF [20150804-10:58:01.541] thr=8   paramiko.transport: Connected (version 2.0, client OpenSSH_5.3)
DEB [20150804-10:58:01.569] thr=8   paramiko.transport: kex algos:[u'diffie-hellman-group-exchange-sha256', u'diffie-hellman-group-exchange-sha1', u'diffie-hellman-group14-sha1', u'diffie-hellman-group1-sha1'] server key:[u'ssh-rsa', u'ssh-dss'] client encrypt:[u'aes128-ctr', u'aes192-ctr', u'aes256-ctr', u'arcfour256', u'arcfour128', u'aes128-cbc', u'3des-cbc', u'blowfish-cbc', u'cast128-cbc', u'aes192-cbc', u'aes256-cbc', u'arcfour', u'rijndael-cbc@lysator.liu.se'] server encrypt:[u'aes128-ctr', u'aes192-ctr', u'aes256-ctr', u'arcfour256', u'arcfour128', u'aes128-cbc', u'3des-cbc', u'blowfish-cbc', u'cast128-cbc', u'aes192-cbc', u'aes256-cbc', u'arcfour', u'rijndael-cbc@lysator.liu.se'] client mac:[u'hmac-md5', u'hmac-sha1', u'umac-64@openssh.com', u'hmac-sha2-256', u'hmac-sha2-512', u'hmac-ripemd160', u'hmac-ripemd160@openssh.com', u'hmac-sha1-96', u'hmac-md5-96'] server mac:[u'hmac-md5', u'hmac-sha1', u'umac-64@openssh.com', u'hmac-sha2-256', u'hmac-sha2-512', u'hmac-ripemd160', u'hmac-ripemd160@openssh.com', u'hmac-sha1-96', u'hmac-md5-96'] client compress:[u'none', u'zlib@openssh.com'] server compress:[u'none', u'zlib@openssh.com'] client lang:[u''] server lang:[u''] kex follows?False
DEB [20150804-10:58:01.569] thr=8   paramiko.transport: Ciphers agreed: local=aes128-ctr, remote=aes128-ctr
DEB [20150804-10:58:01.569] thr=8   paramiko.transport: using kex diffie-hellman-group14-sha1; server key type ssh-rsa; cipher: local aes128-ctr, remote aes128-ctr; mac: local hmac-sha1, remote hmac-sha1; compression: local none, remote none
DEB [20150804-10:58:01.648] thr=8   paramiko.transport: Switch to new keys ...
DEB [20150804-10:58:01.664] thr=2   paramiko.transport: Adding ssh-rsa host key for 123.57.135.75: b4f04d8bc4177fb6b28a51124d2b7723
DEB [20150804-10:58:01.726] thr=8   paramiko.transport: userauth is OK
INF [20150804-10:58:01.755] thr=8   paramiko.transport: Authentication (password) successful!
DEB [20150804-10:58:01.766] thr=2   paramiko.transport: [chan 1] Max packet in: 32768 bytes
DEB [20150804-10:58:01.792] thr=8   paramiko.transport: [chan 1] Max packet out: 32768 bytes
DEB [20150804-10:58:01.792] thr=8   paramiko.transport: Secsh channel 1 opened.
DEB [20150804-10:58:01.816] thr=8   paramiko.transport: [chan 1] Sesch channel 1 request ok
DEB [20150804-10:58:49.542] thr=8   paramiko.transport: [chan 1] EOF received (1)
DEB [20150804-11:00:19.670] thr=9   paramiko.transport: starting thread (client mode): 0xed982a50L
INF [20150804-11:00:19.865] thr=9   paramiko.transport: Connected (version 2.0, client OpenSSH_5.3)
DEB [20150804-11:00:19.889] thr=9   paramiko.transport: kex algos:[u'diffie-hellman-group-exchange-sha256', u'diffie-hellman-group-exchange-sha1', u'diffie-hellman-group14-sha1', u'diffie-hellman-group1-sha1'] server key:[u'ssh-rsa', u'ssh-dss'] client encrypt:[u'aes128-ctr', u'aes192-ctr', u'aes256-ctr', u'arcfour256', u'arcfour128', u'aes128-cbc', u'3des-cbc', u'blowfish-cbc', u'cast128-cbc', u'aes192-cbc', u'aes256-cbc', u'arcfour', u'rijndael-cbc@lysator.liu.se'] server encrypt:[u'aes128-ctr', u'aes192-ctr', u'aes256-ctr', u'arcfour256', u'arcfour128', u'aes128-cbc', u'3des-cbc', u'blowfish-cbc', u'cast128-cbc', u'aes192-cbc', u'aes256-cbc', u'arcfour', u'rijndael-cbc@lysator.liu.se'] client mac:[u'hmac-md5', u'hmac-sha1', u'umac-64@openssh.com', u'hmac-sha2-256', u'hmac-sha2-512', u'hmac-ripemd160', u'hmac-ripemd160@openssh.com', u'hmac-sha1-96', u'hmac-md5-96'] server mac:[u'hmac-md5', u'hmac-sha1', u'umac-64@openssh.com', u'hmac-sha2-256', u'hmac-sha2-512', u'hmac-ripemd160', u'hmac-ripemd160@openssh.com', u'hmac-sha1-96', u'hmac-md5-96'] client compress:[u'none', u'zlib@openssh.com'] server compress:[u'none', u'zlib@openssh.com'] client lang:[u''] server lang:[u''] kex follows?False
DEB [20150804-11:00:19.889] thr=9   paramiko.transport: Ciphers agreed: local=aes128-ctr, remote=aes128-ctr
DEB [20150804-11:00:19.889] thr=9   paramiko.transport: using kex diffie-hellman-group14-sha1; server key type ssh-rsa; cipher: local aes128-ctr, remote aes128-ctr; mac: local hmac-sha1, remote hmac-sha1; compression: local none, remote none
DEB [20150804-11:00:19.967] thr=9   paramiko.transport: Switch to new keys ...
DEB [20150804-11:00:19.971] thr=2   paramiko.transport: Adding ssh-rsa host key for 123.57.135.75: b4f04d8bc4177fb6b28a51124d2b7723
DEB [20150804-11:00:20.055] thr=9   paramiko.transport: userauth is OK
INF [20150804-11:00:20.085] thr=9   paramiko.transport: Authentication (password) successful!
DEB [20150804-11:00:20.088] thr=2   paramiko.transport: [chan 1] Max packet in: 32768 bytes
DEB [20150804-11:00:20.108] thr=9   paramiko.transport: [chan 1] Max packet out: 32768 bytes
DEB [20150804-11:00:20.108] thr=9   paramiko.transport: Secsh channel 1 opened.
DEB [20150804-11:00:20.136] thr=9   paramiko.transport: [chan 1] Sesch channel 1 request ok
DEB [20150804-11:00:20.186] thr=9   paramiko.transport: [chan 1] EOF received (1)
DEB [20150804-11:00:20.213] thr=10  paramiko.transport: starting thread (client mode): 0xed982910L
INF [20150804-11:00:20.236] thr=10  paramiko.transport: Connected (version 2.0, client OpenSSH_5.3)
DEB [20150804-11:00:20.256] thr=10  paramiko.transport: kex algos:[u'diffie-hellman-group-exchange-sha256', u'diffie-hellman-group-exchange-sha1', u'diffie-hellman-group14-sha1', u'diffie-hellman-group1-sha1'] server key:[u'ssh-rsa', u'ssh-dss'] client encrypt:[u'aes128-ctr', u'aes192-ctr', u'aes256-ctr', u'arcfour256', u'arcfour128', u'aes128-cbc', u'3des-cbc', u'blowfish-cbc', u'cast128-cbc', u'aes192-cbc', u'aes256-cbc', u'arcfour', u'rijndael-cbc@lysator.liu.se'] server encrypt:[u'aes128-ctr', u'aes192-ctr', u'aes256-ctr', u'arcfour256', u'arcfour128', u'aes128-cbc', u'3des-cbc', u'blowfish-cbc', u'cast128-cbc', u'aes192-cbc', u'aes256-cbc', u'arcfour', u'rijndael-cbc@lysator.liu.se'] client mac:[u'hmac-md5', u'hmac-sha1', u'umac-64@openssh.com', u'hmac-sha2-256', u'hmac-sha2-512', u'hmac-ripemd160', u'hmac-ripemd160@openssh.com', u'hmac-sha1-96', u'hmac-md5-96'] server mac:[u'hmac-md5', u'hmac-sha1', u'umac-64@openssh.com', u'hmac-sha2-256', u'hmac-sha2-512', u'hmac-ripemd160', u'hmac-ripemd160@openssh.com', u'hmac-sha1-96', u'hmac-md5-96'] client compress:[u'none', u'zlib@openssh.com'] server compress:[u'none', u'zlib@openssh.com'] client lang:[u''] server lang:[u''] kex follows?False
DEB [20150804-11:00:20.257] thr=10  paramiko.transport: Ciphers agreed: local=aes128-ctr, remote=aes128-ctr
DEB [20150804-11:00:20.257] thr=10  paramiko.transport: using kex diffie-hellman-group14-sha1; server key type ssh-rsa; cipher: local aes128-ctr, remote aes128-ctr; mac: local hmac-sha1, remote hmac-sha1; compression: local none, remote none
DEB [20150804-11:00:20.329] thr=10  paramiko.transport: Switch to new keys ...
DEB [20150804-11:00:20.330] thr=2   paramiko.transport: Adding ssh-rsa host key for 123.57.135.75: b4f04d8bc4177fb6b28a51124d2b7723
DEB [20150804-11:00:20.409] thr=10  paramiko.transport: userauth is OK
INF [20150804-11:00:20.450] thr=10  paramiko.transport: Authentication (password) successful!
DEB [20150804-11:00:20.463] thr=2   paramiko.transport: [chan 1] Max packet in: 32768 bytes
DEB [20150804-11:00:20.485] thr=10  paramiko.transport: [chan 1] Max packet out: 32768 bytes
DEB [20150804-11:00:20.485] thr=10  paramiko.transport: Secsh channel 1 opened.
DEB [20150804-11:00:20.505] thr=10  paramiko.transport: [chan 1] Sesch channel 1 request ok
DEB [20150804-11:00:20.520] thr=10  paramiko.transport: [chan 1] EOF received (1)
DEB [20150804-11:00:20.572] thr=11  paramiko.transport: starting thread (client mode): 0xee1cccd0L
INF [20150804-11:00:20.592] thr=11  paramiko.transport: Connected (version 2.0, client OpenSSH_5.3)
DEB [20150804-11:00:20.608] thr=11  paramiko.transport: kex algos:[u'diffie-hellman-group-exchange-sha256', u'diffie-hellman-group-exchange-sha1', u'diffie-hellman-group14-sha1', u'diffie-hellman-group1-sha1'] server key:[u'ssh-rsa', u'ssh-dss'] client encrypt:[u'aes128-ctr', u'aes192-ctr', u'aes256-ctr', u'arcfour256', u'arcfour128', u'aes128-cbc', u'3des-cbc', u'blowfish-cbc', u'cast128-cbc', u'aes192-cbc', u'aes256-cbc', u'arcfour', u'rijndael-cbc@lysator.liu.se'] server encrypt:[u'aes128-ctr', u'aes192-ctr', u'aes256-ctr', u'arcfour256', u'arcfour128', u'aes128-cbc', u'3des-cbc', u'blowfish-cbc', u'cast128-cbc', u'aes192-cbc', u'aes256-cbc', u'arcfour', u'rijndael-cbc@lysator.liu.se'] client mac:[u'hmac-md5', u'hmac-sha1', u'umac-64@openssh.com', u'hmac-sha2-256', u'hmac-sha2-512', u'hmac-ripemd160', u'hmac-ripemd160@openssh.com', u'hmac-sha1-96', u'hmac-md5-96'] server mac:[u'hmac-md5', u'hmac-sha1', u'umac-64@openssh.com', u'hmac-sha2-256', u'hmac-sha2-512', u'hmac-ripemd160', u'hmac-ripemd160@openssh.com', u'hmac-sha1-96', u'hmac-md5-96'] client compress:[u'none', u'zlib@openssh.com'] server compress:[u'none', u'zlib@openssh.com'] client lang:[u''] server lang:[u''] kex follows?False
DEB [20150804-11:00:20.608] thr=11  paramiko.transport: Ciphers agreed: local=aes128-ctr, remote=aes128-ctr
DEB [20150804-11:00:20.609] thr=11  paramiko.transport: using kex diffie-hellman-group14-sha1; server key type ssh-rsa; cipher: local aes128-ctr, remote aes128-ctr; mac: local hmac-sha1, remote hmac-sha1; compression: local none, remote none
DEB [20150804-11:00:20.696] thr=11  paramiko.transport: Switch to new keys ...
DEB [20150804-11:00:20.700] thr=2   paramiko.transport: Adding ssh-rsa host key for 123.57.135.75: b4f04d8bc4177fb6b28a51124d2b7723
DEB [20150804-11:00:20.778] thr=11  paramiko.transport: userauth is OK
INF [20150804-11:00:20.818] thr=11  paramiko.transport: Authentication (password) successful!
DEB [20150804-11:00:20.833] thr=2   paramiko.transport: [chan 1] Max packet in: 32768 bytes
DEB [20150804-11:00:20.855] thr=11  paramiko.transport: [chan 1] Max packet out: 32768 bytes
DEB [20150804-11:00:20.855] thr=11  paramiko.transport: Secsh channel 1 opened.
DEB [20150804-11:00:20.885] thr=11  paramiko.transport: [chan 1] Sesch channel 1 request ok
DEB [20150804-11:00:20.895] thr=11  paramiko.transport: [chan 1] EOF received (1)
DEB [20150804-11:00:30.928] thr=12  paramiko.transport: starting thread (client mode): 0xed9a4510L
INF [20150804-11:00:30.955] thr=12  paramiko.transport: Connected (version 2.0, client OpenSSH_5.3)
DEB [20150804-11:00:31.188] thr=12  paramiko.transport: kex algos:[u'diffie-hellman-group-exchange-sha256', u'diffie-hellman-group-exchange-sha1', u'diffie-hellman-group14-sha1', u'diffie-hellman-group1-sha1'] server key:[u'ssh-rsa', u'ssh-dss'] client encrypt:[u'aes128-ctr', u'aes192-ctr', u'aes256-ctr', u'arcfour256', u'arcfour128', u'aes128-cbc', u'3des-cbc', u'blowfish-cbc', u'cast128-cbc', u'aes192-cbc', u'aes256-cbc', u'arcfour', u'rijndael-cbc@lysator.liu.se'] server encrypt:[u'aes128-ctr', u'aes192-ctr', u'aes256-ctr', u'arcfour256', u'arcfour128', u'aes128-cbc', u'3des-cbc', u'blowfish-cbc', u'cast128-cbc', u'aes192-cbc', u'aes256-cbc', u'arcfour', u'rijndael-cbc@lysator.liu.se'] client mac:[u'hmac-md5', u'hmac-sha1', u'umac-64@openssh.com', u'hmac-sha2-256', u'hmac-sha2-512', u'hmac-ripemd160', u'hmac-ripemd160@openssh.com', u'hmac-sha1-96', u'hmac-md5-96'] server mac:[u'hmac-md5', u'hmac-sha1', u'umac-64@openssh.com', u'hmac-sha2-256', u'hmac-sha2-512', u'hmac-ripemd160', u'hmac-ripemd160@openssh.com', u'hmac-sha1-96', u'hmac-md5-96'] client compress:[u'none', u'zlib@openssh.com'] server compress:[u'none', u'zlib@openssh.com'] client lang:[u''] server lang:[u''] kex follows?False
DEB [20150804-11:00:31.189] thr=12  paramiko.transport: Ciphers agreed: local=aes128-ctr, remote=aes128-ctr
DEB [20150804-11:00:31.189] thr=12  paramiko.transport: using kex diffie-hellman-group14-sha1; server key type ssh-rsa; cipher: local aes128-ctr, remote aes128-ctr; mac: local hmac-sha1, remote hmac-sha1; compression: local none, remote none
DEB [20150804-11:00:31.252] thr=12  paramiko.transport: Switch to new keys ...
DEB [20150804-11:00:31.260] thr=2   paramiko.transport: Adding ssh-rsa host key for 123.57.135.75: b4f04d8bc4177fb6b28a51124d2b7723
DEB [20150804-11:00:31.325] thr=12  paramiko.transport: userauth is OK
INF [20150804-11:00:31.363] thr=12  paramiko.transport: Authentication (password) successful!
DEB [20150804-11:00:31.365] thr=2   paramiko.transport: [chan 1] Max packet in: 32768 bytes
DEB [20150804-11:00:31.379] thr=12  paramiko.transport: [chan 1] Max packet out: 32768 bytes
DEB [20150804-11:00:31.380] thr=12  paramiko.transport: Secsh channel 1 opened.
DEB [20150804-11:00:31.410] thr=12  paramiko.transport: [chan 1] Sesch channel 1 request ok
DEB [20150804-11:00:31.461] thr=12  paramiko.transport: [chan 1] EOF received (1)
DEB [20150804-11:00:31.489] thr=13  paramiko.transport: starting thread (client mode): 0xed982550L
INF [20150804-11:00:31.511] thr=13  paramiko.transport: Connected (version 2.0, client OpenSSH_5.3)
DEB [20150804-11:00:31.526] thr=13  paramiko.transport: kex algos:[u'diffie-hellman-group-exchange-sha256', u'diffie-hellman-group-exchange-sha1', u'diffie-hellman-group14-sha1', u'diffie-hellman-group1-sha1'] server key:[u'ssh-rsa', u'ssh-dss'] client encrypt:[u'aes128-ctr', u'aes192-ctr', u'aes256-ctr', u'arcfour256', u'arcfour128', u'aes128-cbc', u'3des-cbc', u'blowfish-cbc', u'cast128-cbc', u'aes192-cbc', u'aes256-cbc', u'arcfour', u'rijndael-cbc@lysator.liu.se'] server encrypt:[u'aes128-ctr', u'aes192-ctr', u'aes256-ctr', u'arcfour256', u'arcfour128', u'aes128-cbc', u'3des-cbc', u'blowfish-cbc', u'cast128-cbc', u'aes192-cbc', u'aes256-cbc', u'arcfour', u'rijndael-cbc@lysator.liu.se'] client mac:[u'hmac-md5', u'hmac-sha1', u'umac-64@openssh.com', u'hmac-sha2-256', u'hmac-sha2-512', u'hmac-ripemd160', u'hmac-ripemd160@openssh.com', u'hmac-sha1-96', u'hmac-md5-96'] server mac:[u'hmac-md5', u'hmac-sha1', u'umac-64@openssh.com', u'hmac-sha2-256', u'hmac-sha2-512', u'hmac-ripemd160', u'hmac-ripemd160@openssh.com', u'hmac-sha1-96', u'hmac-md5-96'] client compress:[u'none', u'zlib@openssh.com'] server compress:[u'none', u'zlib@openssh.com'] client lang:[u''] server lang:[u''] kex follows?False
DEB [20150804-11:00:31.526] thr=13  paramiko.transport: Ciphers agreed: local=aes128-ctr, remote=aes128-ctr
DEB [20150804-11:00:31.527] thr=13  paramiko.transport: using kex diffie-hellman-group14-sha1; server key type ssh-rsa; cipher: local aes128-ctr, remote aes128-ctr; mac: local hmac-sha1, remote hmac-sha1; compression: local none, remote none
DEB [20150804-11:00:31.597] thr=13  paramiko.transport: Switch to new keys ...
DEB [20150804-11:00:31.598] thr=2   paramiko.transport: Adding ssh-rsa host key for 123.57.135.75: b4f04d8bc4177fb6b28a51124d2b7723
DEB [20150804-11:00:31.664] thr=13  paramiko.transport: userauth is OK
INF [20150804-11:00:31.702] thr=13  paramiko.transport: Authentication (password) successful!
DEB [20150804-11:00:31.702] thr=2   paramiko.transport: [chan 1] Max packet in: 32768 bytes
DEB [20150804-11:00:31.726] thr=13  paramiko.transport: [chan 1] Max packet out: 32768 bytes
DEB [20150804-11:00:31.726] thr=13  paramiko.transport: Secsh channel 1 opened.
DEB [20150804-11:00:31.751] thr=13  paramiko.transport: [chan 1] Sesch channel 1 request ok
DEB [20150804-11:00:31.763] thr=13  paramiko.transport: [chan 1] EOF received (1)
